[2023-11-22 13:31:05,884] multiqc                                            [DEBUG  ]  This is MultiQC v1.14
[2023-11-22 13:31:05,886] multiqc                                            [DEBUG  ]  Loading config settings from: multiqc_config.yml
[2023-11-22 13:31:05,886] multiqc                                            [DEBUG  ]  New config: {'report_comment': 'This report has been generated by the <a href="https://github.com/opencobra/jeweler/1.0dev" target="_blank">opencobra/jeweler</a> analysis pipeline.\n', 'report_section_order': {'opencobra-jeweler-methods-description': {'order': -1000}, 'software_versions': {'order': -1001}, 'opencobra-jeweler-summary': {'order': -1002}}, 'export_plots': True}
[2023-11-22 13:31:05,887] multiqc                                            [DEBUG  ]  Loading config settings from: multiqc_config.yml
[2023-11-22 13:31:05,887] multiqc                                            [DEBUG  ]  New config: {'report_comment': 'This report has been generated by the <a href="https://github.com/opencobra/jeweler/1.0dev" target="_blank">opencobra/jeweler</a> analysis pipeline.\n', 'report_section_order': {'opencobra-jeweler-methods-description': {'order': -1000}, 'software_versions': {'order': -1001}, 'opencobra-jeweler-summary': {'order': -1002}}, 'export_plots': True}
[2023-11-22 13:31:05,887] multiqc                                            [DEBUG  ]  Command used: /usr/local/bin/multiqc --force --config multiqc_config.yml .
[2023-11-22 13:31:06,241] multiqc                                            [WARNING]  MultiQC Version v1.17 now available!
[2023-11-22 13:31:06,241] multiqc                                            [DEBUG  ]  Working dir : /home/ubuntu/project/FROG/work/34/194c44affaa150c4c9fab21524e37f
[2023-11-22 13:31:06,241] multiqc                                            [DEBUG  ]  Template    : default
[2023-11-22 13:31:06,241] multiqc                                            [DEBUG  ]  Running Python 3.11.0 | packaged by conda-forge | (main, Oct 25 2022, 06:24:40) [GCC 10.4.0]
[2023-11-22 13:31:06,242] multiqc                                            [DEBUG  ]  Analysing modules: custom_content, ccs, ngsderive, purple, conpair, lima, peddy, somalier, methylQA, mosdepth, phantompeakqualtools, qualimap, preseq, hifiasm, quast, qorts, rna_seqc, rockhopper, rsem, rseqc, busco, bustools, goleft_indexcov, gffcompare, disambiguate, supernova, deeptools, sargasso, verifybamid, mirtrace, happy, mirtop, sambamba, gopeaks, homer, hops, macs2, theta2, snpeff, gatk, htseq, bcftools, featureCounts, fgbio, dragen, dragen_fastqc, dedup, pbmarkdup, damageprofiler, biobambam2, jcvi, mtnucratio, picard, vep, sentieon, prokka, qc3C, nanostat, samblaster, samtools, sexdeterrmine, eigenstratdatabasetools, bamtools, jellyfish, vcftools, longranger, stacks, varscan2, snippy, umitools, bbmap, bismark, biscuit, diamond, hicexplorer, hicup, hicpro, salmon, kallisto, slamdunk, star, hisat2, tophat, bowtie2, bowtie1, cellranger, snpsplit, odgi, pangolin, nextclade, humid, kat, leehom, adapterRemoval, bbduk, clipandmerge, cutadapt, flexbar, kaiju, kraken, malt, motus, trimmomatic, sickle, skewer, sortmerna, biobloomtools, fastq_screen, afterqc, fastp, fastqc, filtlong, prinseqplusplus, pychopper, porechop, pycoqc, minionqc, anglerfish, multivcfanalyzer, clusterflow, checkqc, bcl2fastq, bclconvert, interop, ivar, flash, seqyclean, optitype, whatshap
[2023-11-22 13:31:06,242] multiqc                                            [DEBUG  ]  Using temporary directory for creating report: /tmp/tmp0evjifwp
[2023-11-22 13:31:06,395] multiqc                                            [INFO   ]  Search path : /home/ubuntu/project/FROG/work/34/194c44affaa150c4c9fab21524e37f
[2023-11-22 13:31:06,455] multiqc                                            [DEBUG  ]  Summary of files that were skipped by the search: [skipped_no_match: 8] // [skipped_module_specific_max_filesize: 5]
[2023-11-22 13:31:06,720] multiqc.plots.bargraph                             [DEBUG  ]  Using matplotlib version 3.6.2
[2023-11-22 13:31:06,721] multiqc.plots.linegraph                            [DEBUG  ]  Using matplotlib version 3.6.2
[2023-11-22 13:31:06,728] multiqc.modules.custom_content.custom_content      [INFO   ]  software_versions: Found 1 sample (html)
[2023-11-22 13:31:06,728] multiqc.modules.custom_content.custom_content      [INFO   ]  opencobra-jeweler-methods-description: Found 1 sample (html)
[2023-11-22 13:31:06,728] multiqc.modules.custom_content.custom_content      [INFO   ]  opencobra-jeweler-summary: Found 1 sample (html)
[2023-11-22 13:31:06,728] multiqc                                            [DEBUG  ]  Reordering sections: anchor 'opencobra-jeweler-methods-description' not found for module 'opencobra/jeweler Methods Description'.
[2023-11-22 13:31:06,728] multiqc                                            [DEBUG  ]  Reordering sections: anchor 'software_versions' not found for module 'opencobra/jeweler Methods Description'.
[2023-11-22 13:31:06,728] multiqc                                            [DEBUG  ]  Reordering sections: anchor 'opencobra-jeweler-summary' not found for module 'opencobra/jeweler Methods Description'.
[2023-11-22 13:31:06,728] multiqc                                            [DEBUG  ]  Reordering sections: anchor 'opencobra-jeweler-methods-description' not found for module 'opencobra/jeweler Software Versions'.
[2023-11-22 13:31:06,728] multiqc                                            [DEBUG  ]  Reordering sections: anchor 'software_versions' not found for module 'opencobra/jeweler Software Versions'.
[2023-11-22 13:31:06,728] multiqc                                            [DEBUG  ]  Reordering sections: anchor 'opencobra-jeweler-summary' not found for module 'opencobra/jeweler Software Versions'.
[2023-11-22 13:31:06,728] multiqc                                            [DEBUG  ]  Reordering sections: anchor 'opencobra-jeweler-methods-description' not found for module 'opencobra/jeweler Workflow Summary'.
[2023-11-22 13:31:06,728] multiqc                                            [DEBUG  ]  Reordering sections: anchor 'software_versions' not found for module 'opencobra/jeweler Workflow Summary'.
[2023-11-22 13:31:06,728] multiqc                                            [DEBUG  ]  Reordering sections: anchor 'opencobra-jeweler-summary' not found for module 'opencobra/jeweler Workflow Summary'.
[2023-11-22 13:31:06,729] multiqc                                            [INFO   ]  Compressing plot data
[2023-11-22 13:31:06,729] multiqc                                            [INFO   ]  Report      : multiqc_report.html
[2023-11-22 13:31:06,729] multiqc                                            [INFO   ]  Data        : multiqc_data
[2023-11-22 13:31:06,729] multiqc                                            [DEBUG  ]  Moving data file from '/tmp/tmp0evjifwp/multiqc_data' to '/home/ubuntu/project/FROG/work/34/194c44affaa150c4c9fab21524e37f/multiqc_data'
[2023-11-22 13:31:06,730] multiqc                                            [INFO   ]  Plots       : multiqc_plots
[2023-11-22 13:31:06,730] multiqc                                            [DEBUG  ]  Moving plots directory from '/tmp/tmp0evjifwp/multiqc_plots' to '/home/ubuntu/project/FROG/work/34/194c44affaa150c4c9fab21524e37f/multiqc_plots'
[2023-11-22 13:31:06,798] multiqc                                            [INFO   ]  MultiQC complete
